{"/Users/majiahui/persional/project/mjh/fpi-component/packages/element-plus-expand/src/fpi-el-rolling/fpi-el-rolling.vue": {"path":"/Users/majiahui/persional/project/mjh/fpi-component/packages/element-plus-expand/src/fpi-el-rolling/fpi-el-rolling.vue","all":false,"statementMap":{"0":{"start":{"line":1,"column":0},"end":{"line":1,"column":4}},"1":{"start":{"line":2,"column":0},"end":{"line":2,"column":15}},"2":{"start":{"line":3,"column":0},"end":{"line":3,"column":29}},"3":{"start":{"line":4,"column":0},"end":{"line":4,"column":20}},"4":{"start":{"line":5,"column":0},"end":{"line":5,"column":37}},"5":{"start":{"line":6,"column":0},"end":{"line":6,"column":16}},"6":{"start":{"line":7,"column":0},"end":{"line":7,"column":3}},"7":{"start":{"line":8,"column":0},"end":{"line":8,"column":10}},"8":{"start":{"line":9,"column":0},"end":{"line":9,"column":57}},"9":{"start":{"line":10,"column":0},"end":{"line":10,"column":12}},"10":{"start":{"line":11,"column":0},"end":{"line":11,"column":29}},"11":{"start":{"line":12,"column":0},"end":{"line":12,"column":34}},"12":{"start":{"line":13,"column":0},"end":{"line":13,"column":65}},"13":{"start":{"line":14,"column":0},"end":{"line":14,"column":133}},"14":{"start":{"line":15,"column":0},"end":{"line":15,"column":36}},"15":{"start":{"line":16,"column":0},"end":{"line":16,"column":36}},"16":{"start":{"line":17,"column":0},"end":{"line":17,"column":38}},"17":{"start":{"line":18,"column":0},"end":{"line":18,"column":32}},"18":{"start":{"line":19,"column":0},"end":{"line":19,"column":9}},"19":{"start":{"line":20,"column":0},"end":{"line":20,"column":20}},"20":{"start":{"line":21,"column":0},"end":{"line":21,"column":39}},"21":{"start":{"line":22,"column":0},"end":{"line":22,"column":14}},"22":{"start":{"line":23,"column":0},"end":{"line":23,"column":10}},"23":{"start":{"line":24,"column":0},"end":{"line":24,"column":11}},"24":{"start":{"line":25,"column":0},"end":{"line":25,"column":0}},"25":{"start":{"line":26,"column":0},"end":{"line":26,"column":24}},"26":{"start":{"line":27,"column":0},"end":{"line":27,"column":35}},"27":{"start":{"line":28,"column":0},"end":{"line":28,"column":86}},"28":{"start":{"line":29,"column":0},"end":{"line":29,"column":0}},"29":{"start":{"line":30,"column":0},"end":{"line":30,"column":27}},"30":{"start":{"line":31,"column":0},"end":{"line":31,"column":12}},"31":{"start":{"line":32,"column":0},"end":{"line":32,"column":16}},"32":{"start":{"line":33,"column":0},"end":{"line":33,"column":44}},"33":{"start":{"line":34,"column":0},"end":{"line":34,"column":20}},"34":{"start":{"line":35,"column":0},"end":{"line":35,"column":6}},"35":{"start":{"line":36,"column":0},"end":{"line":36,"column":15}},"36":{"start":{"line":37,"column":0},"end":{"line":37,"column":17}},"37":{"start":{"line":38,"column":0},"end":{"line":38,"column":22}},"38":{"start":{"line":39,"column":0},"end":{"line":39,"column":26}},"39":{"start":{"line":40,"column":0},"end":{"line":40,"column":6}},"40":{"start":{"line":41,"column":0},"end":{"line":41,"column":13}},"41":{"start":{"line":42,"column":0},"end":{"line":42,"column":11}},"42":{"start":{"line":43,"column":0},"end":{"line":43,"column":21}},"43":{"start":{"line":44,"column":0},"end":{"line":44,"column":19}},"44":{"start":{"line":45,"column":0},"end":{"line":45,"column":6}},"45":{"start":{"line":46,"column":0},"end":{"line":46,"column":15}},"46":{"start":{"line":47,"column":0},"end":{"line":47,"column":13}},"47":{"start":{"line":48,"column":0},"end":{"line":48,"column":74}},"48":{"start":{"line":49,"column":0},"end":{"line":49,"column":24}},"49":{"start":{"line":50,"column":0},"end":{"line":50,"column":5}},"50":{"start":{"line":51,"column":0},"end":{"line":51,"column":2}},"51":{"start":{"line":52,"column":0},"end":{"line":52,"column":0}},"52":{"start":{"line":53,"column":0},"end":{"line":53,"column":71}},"53":{"start":{"line":54,"column":0},"end":{"line":54,"column":25}},"54":{"start":{"line":55,"column":0},"end":{"line":55,"column":28}},"55":{"start":{"line":56,"column":0},"end":{"line":56,"column":34}},"56":{"start":{"line":57,"column":0},"end":{"line":57,"column":57}},"57":{"start":{"line":58,"column":0},"end":{"line":58,"column":87}},"58":{"start":{"line":59,"column":0},"end":{"line":59,"column":24}},"59":{"start":{"line":60,"column":0},"end":{"line":60,"column":36}},"60":{"start":{"line":61,"column":0},"end":{"line":61,"column":54}},"61":{"start":{"line":62,"column":0},"end":{"line":62,"column":0}},"62":{"start":{"line":63,"column":0},"end":{"line":63,"column":28}},"63":{"start":{"line":64,"column":0},"end":{"line":64,"column":11}},"64":{"start":{"line":65,"column":0},"end":{"line":65,"column":89}},"65":{"start":{"line":66,"column":0},"end":{"line":66,"column":6}},"66":{"start":{"line":67,"column":0},"end":{"line":67,"column":14}},"67":{"start":{"line":68,"column":0},"end":{"line":68,"column":103}},"68":{"start":{"line":69,"column":0},"end":{"line":69,"column":5}},"69":{"start":{"line":70,"column":0},"end":{"line":70,"column":2}},"70":{"start":{"line":71,"column":0},"end":{"line":71,"column":39}},"71":{"start":{"line":72,"column":0},"end":{"line":72,"column":46}},"72":{"start":{"line":73,"column":0},"end":{"line":73,"column":78}},"73":{"start":{"line":74,"column":0},"end":{"line":74,"column":2}},"74":{"start":{"line":75,"column":0},"end":{"line":75,"column":0}},"75":{"start":{"line":76,"column":0},"end":{"line":76,"column":31}},"76":{"start":{"line":77,"column":0},"end":{"line":77,"column":41}},"77":{"start":{"line":78,"column":0},"end":{"line":78,"column":2}},"78":{"start":{"line":79,"column":0},"end":{"line":79,"column":0}},"79":{"start":{"line":80,"column":0},"end":{"line":80,"column":17}},"80":{"start":{"line":81,"column":0},"end":{"line":81,"column":22}},"81":{"start":{"line":82,"column":0},"end":{"line":82,"column":59}},"82":{"start":{"line":83,"column":0},"end":{"line":83,"column":62}},"83":{"start":{"line":84,"column":0},"end":{"line":84,"column":45}},"84":{"start":{"line":85,"column":0},"end":{"line":85,"column":31}},"85":{"start":{"line":86,"column":0},"end":{"line":86,"column":58}},"86":{"start":{"line":87,"column":0},"end":{"line":87,"column":36}},"87":{"start":{"line":88,"column":0},"end":{"line":88,"column":55}},"88":{"start":{"line":89,"column":0},"end":{"line":89,"column":6}},"89":{"start":{"line":90,"column":0},"end":{"line":90,"column":20}},"90":{"start":{"line":91,"column":0},"end":{"line":91,"column":88}},"91":{"start":{"line":92,"column":0},"end":{"line":92,"column":29}},"92":{"start":{"line":93,"column":0},"end":{"line":93,"column":28}},"93":{"start":{"line":94,"column":0},"end":{"line":94,"column":43}},"94":{"start":{"line":95,"column":0},"end":{"line":95,"column":32}},"95":{"start":{"line":96,"column":0},"end":{"line":96,"column":25}},"96":{"start":{"line":97,"column":0},"end":{"line":97,"column":10}},"97":{"start":{"line":98,"column":0},"end":{"line":98,"column":6}},"98":{"start":{"line":99,"column":0},"end":{"line":99,"column":2}},"99":{"start":{"line":100,"column":0},"end":{"line":100,"column":0}},"100":{"start":{"line":101,"column":0},"end":{"line":101,"column":19}},"101":{"start":{"line":102,"column":0},"end":{"line":102,"column":20}},"102":{"start":{"line":103,"column":0},"end":{"line":103,"column":37}},"103":{"start":{"line":104,"column":0},"end":{"line":104,"column":2}},"104":{"start":{"line":105,"column":0},"end":{"line":105,"column":0}},"105":{"start":{"line":106,"column":0},"end":{"line":106,"column":30}},"106":{"start":{"line":107,"column":0},"end":{"line":107,"column":26}},"107":{"start":{"line":108,"column":0},"end":{"line":108,"column":22}},"108":{"start":{"line":109,"column":0},"end":{"line":109,"column":1}},"109":{"start":{"line":110,"column":0},"end":{"line":110,"column":0}},"110":{"start":{"line":111,"column":0},"end":{"line":111,"column":27}},"111":{"start":{"line":112,"column":0},"end":{"line":112,"column":33}},"112":{"start":{"line":113,"column":0},"end":{"line":113,"column":42}},"113":{"start":{"line":114,"column":0},"end":{"line":114,"column":116}},"114":{"start":{"line":115,"column":0},"end":{"line":115,"column":101}},"115":{"start":{"line":116,"column":0},"end":{"line":116,"column":43}},"116":{"start":{"line":117,"column":0},"end":{"line":117,"column":1}},"117":{"start":{"line":118,"column":0},"end":{"line":118,"column":32}},"118":{"start":{"line":119,"column":0},"end":{"line":119,"column":33}},"119":{"start":{"line":120,"column":0},"end":{"line":120,"column":20}},"120":{"start":{"line":121,"column":0},"end":{"line":121,"column":42}},"121":{"start":{"line":122,"column":0},"end":{"line":122,"column":27}},"122":{"start":{"line":123,"column":0},"end":{"line":123,"column":34}},"123":{"start":{"line":124,"column":0},"end":{"line":124,"column":42}},"124":{"start":{"line":125,"column":0},"end":{"line":125,"column":97}},"125":{"start":{"line":126,"column":0},"end":{"line":126,"column":45}},"126":{"start":{"line":127,"column":0},"end":{"line":127,"column":169}},"127":{"start":{"line":128,"column":0},"end":{"line":128,"column":23}},"128":{"start":{"line":129,"column":0},"end":{"line":129,"column":1}},"129":{"start":{"line":130,"column":0},"end":{"line":130,"column":30}},"130":{"start":{"line":131,"column":0},"end":{"line":131,"column":41}},"131":{"start":{"line":132,"column":0},"end":{"line":132,"column":22}},"132":{"start":{"line":133,"column":0},"end":{"line":133,"column":71}},"133":{"start":{"line":134,"column":0},"end":{"line":134,"column":75}},"134":{"start":{"line":135,"column":0},"end":{"line":135,"column":59}},"135":{"start":{"line":136,"column":0},"end":{"line":136,"column":24}},"136":{"start":{"line":137,"column":0},"end":{"line":137,"column":16}},"137":{"start":{"line":138,"column":0},"end":{"line":138,"column":1}},"138":{"start":{"line":139,"column":0},"end":{"line":139,"column":0}},"139":{"start":{"line":140,"column":0},"end":{"line":140,"column":26}},"140":{"start":{"line":141,"column":0},"end":{"line":141,"column":32}},"141":{"start":{"line":142,"column":0},"end":{"line":142,"column":35}},"142":{"start":{"line":143,"column":0},"end":{"line":143,"column":31}},"143":{"start":{"line":144,"column":0},"end":{"line":144,"column":30}},"144":{"start":{"line":145,"column":0},"end":{"line":145,"column":5}},"145":{"start":{"line":146,"column":0},"end":{"line":146,"column":1}},"146":{"start":{"line":147,"column":0},"end":{"line":147,"column":0}},"147":{"start":{"line":148,"column":0},"end":{"line":148,"column":26}},"148":{"start":{"line":149,"column":0},"end":{"line":149,"column":32}},"149":{"start":{"line":150,"column":0},"end":{"line":150,"column":35}},"150":{"start":{"line":151,"column":0},"end":{"line":151,"column":30}},"151":{"start":{"line":152,"column":0},"end":{"line":152,"column":29}},"152":{"start":{"line":153,"column":0},"end":{"line":153,"column":5}},"153":{"start":{"line":154,"column":0},"end":{"line":154,"column":1}},"154":{"start":{"line":155,"column":0},"end":{"line":155,"column":27}},"155":{"start":{"line":156,"column":0},"end":{"line":156,"column":32}},"156":{"start":{"line":157,"column":0},"end":{"line":157,"column":35}},"157":{"start":{"line":158,"column":0},"end":{"line":158,"column":41}},"158":{"start":{"line":159,"column":0},"end":{"line":159,"column":42}},"159":{"start":{"line":160,"column":0},"end":{"line":160,"column":5}},"160":{"start":{"line":161,"column":0},"end":{"line":161,"column":1}},"161":{"start":{"line":162,"column":0},"end":{"line":162,"column":30}},"162":{"start":{"line":163,"column":0},"end":{"line":163,"column":32}},"163":{"start":{"line":164,"column":0},"end":{"line":164,"column":38}},"164":{"start":{"line":165,"column":0},"end":{"line":165,"column":41}},"165":{"start":{"line":166,"column":0},"end":{"line":166,"column":42}},"166":{"start":{"line":167,"column":0},"end":{"line":167,"column":5}},"167":{"start":{"line":168,"column":0},"end":{"line":168,"column":1}},"168":{"start":{"line":169,"column":0},"end":{"line":169,"column":0}},"169":{"start":{"line":170,"column":0},"end":{"line":170,"column":44}},"170":{"start":{"line":171,"column":0},"end":{"line":171,"column":26}},"171":{"start":{"line":172,"column":0},"end":{"line":172,"column":25}},"172":{"start":{"line":173,"column":0},"end":{"line":173,"column":24}},"173":{"start":{"line":174,"column":0},"end":{"line":174,"column":27}},"174":{"start":{"line":175,"column":0},"end":{"line":175,"column":21}},"175":{"start":{"line":176,"column":0},"end":{"line":176,"column":1}},"176":{"start":{"line":177,"column":0},"end":{"line":177,"column":14}},"177":{"start":{"line":178,"column":0},"end":{"line":178,"column":19}},"178":{"start":{"line":179,"column":0},"end":{"line":179,"column":21}},"179":{"start":{"line":180,"column":0},"end":{"line":180,"column":21}},"180":{"start":{"line":181,"column":0},"end":{"line":181,"column":19}},"181":{"start":{"line":182,"column":0},"end":{"line":182,"column":18}},"182":{"start":{"line":183,"column":0},"end":{"line":183,"column":14}},"183":{"start":{"line":184,"column":0},"end":{"line":184,"column":14}},"184":{"start":{"line":185,"column":0},"end":{"line":185,"column":2}},"185":{"start":{"line":186,"column":0},"end":{"line":186,"column":9}},"186":{"start":{"line":187,"column":0},"end":{"line":187,"column":0}},"187":{"start":{"line":188,"column":0},"end":{"line":188,"column":18}},"188":{"start":{"line":189,"column":0},"end":{"line":189,"column":16}},"189":{"start":{"line":190,"column":0},"end":{"line":190,"column":24}},"190":{"start":{"line":191,"column":0},"end":{"line":191,"column":1}},"191":{"start":{"line":192,"column":0},"end":{"line":192,"column":9}},"192":{"start":{"line":193,"column":0},"end":{"line":193,"column":0}},"193":{"start":{"line":194,"column":0},"end":{"line":194,"column":19}},"194":{"start":{"line":195,"column":0},"end":{"line":195,"column":34}},"195":{"start":{"line":196,"column":0},"end":{"line":196,"column":8}}},"s":{"0":1,"1":1,"2":1,"3":1,"4":1,"5":1,"6":1,"7":1,"8":1,"9":1,"10":1,"11":1,"12":1,"13":1,"14":1,"15":1,"16":1,"17":1,"18":1,"19":1,"20":1,"21":1,"22":1,"23":1,"24":1,"25":1,"26":1,"27":1,"28":1,"29":1,"30":1,"31":1,"32":1,"33":1,"34":1,"35":1,"36":1,"37":1,"38":1,"39":1,"40":1,"41":1,"42":1,"43":1,"44":1,"45":1,"46":1,"47":1,"48":1,"49":1,"50":1,"51":1,"52":1,"53":1,"54":1,"55":1,"56":1,"57":1,"58":1,"59":1,"60":1,"61":1,"62":1,"63":1,"64":14,"65":14,"66":1,"67":5,"68":5,"69":1,"70":1,"71":4,"72":4,"73":1,"74":1,"75":1,"76":0,"77":1,"78":1,"79":1,"80":10,"81":10,"82":0,"83":0,"84":0,"85":0,"86":0,"87":0,"88":10,"89":10,"90":10,"91":10,"92":10,"93":10,"94":10,"95":10,"96":10,"97":10,"98":1,"99":1,"100":1,"101":0,"102":0,"103":1,"104":1,"105":1,"106":1,"107":1,"108":1,"109":1,"110":1,"111":13,"112":13,"113":13,"114":13,"115":13,"116":13,"117":1,"118":13,"119":13,"120":13,"121":13,"122":13,"123":13,"124":0,"125":0,"126":13,"127":13,"128":13,"129":1,"130":13,"131":13,"132":0,"133":0,"134":0,"135":0,"136":0,"137":13,"138":1,"139":1,"140":1,"141":1,"142":1,"143":1,"144":1,"145":1,"146":1,"147":1,"148":1,"149":1,"150":1,"151":1,"152":1,"153":1,"154":1,"155":1,"156":1,"157":1,"158":1,"159":1,"160":1,"161":1,"162":1,"163":1,"164":1,"165":1,"166":1,"167":1,"168":1,"169":1,"170":1,"171":1,"172":1,"173":1,"174":1,"175":1,"176":1,"177":1,"178":1,"179":1,"180":1,"181":1,"182":1,"183":1,"184":1,"185":1,"186":1,"187":1,"188":1,"189":1,"190":1,"191":1,"192":1,"193":1,"194":1,"195":1},"branchMap":{"0":{"type":"branch","line":64,"loc":{"start":{"line":64,"column":4},"end":{"line":66,"column":6}},"locations":[{"start":{"line":64,"column":4},"end":{"line":66,"column":6}}]},"1":{"type":"branch","line":65,"loc":{"start":{"line":65,"column":36},"end":{"line":65,"column":73}},"locations":[{"start":{"line":65,"column":36},"end":{"line":65,"column":73}}]},"2":{"type":"branch","line":65,"loc":{"start":{"line":65,"column":65},"end":{"line":65,"column":89}},"locations":[{"start":{"line":65,"column":65},"end":{"line":65,"column":89}}]},"3":{"type":"branch","line":67,"loc":{"start":{"line":67,"column":4},"end":{"line":69,"column":5}},"locations":[{"start":{"line":67,"column":4},"end":{"line":69,"column":5}}]},"4":{"type":"branch","line":68,"loc":{"start":{"line":68,"column":66},"end":{"line":68,"column":103}},"locations":[{"start":{"line":68,"column":66},"end":{"line":68,"column":103}}]},"5":{"type":"branch","line":71,"loc":{"start":{"line":71,"column":6},"end":{"line":71,"column":29}},"locations":[{"start":{"line":71,"column":6},"end":{"line":71,"column":29}}]},"6":{"type":"branch","line":71,"loc":{"start":{"line":71,"column":29},"end":{"line":74,"column":1}},"locations":[{"start":{"line":71,"column":29},"end":{"line":74,"column":1}}]},"7":{"type":"branch","line":72,"loc":{"start":{"line":72,"column":21},"end":{"line":72,"column":46}},"locations":[{"start":{"line":72,"column":21},"end":{"line":72,"column":46}}]},"8":{"type":"branch","line":76,"loc":{"start":{"line":76,"column":6},"end":{"line":76,"column":24}},"locations":[{"start":{"line":76,"column":6},"end":{"line":76,"column":24}}]},"9":{"type":"branch","line":80,"loc":{"start":{"line":80,"column":10},"end":{"line":99,"column":1}},"locations":[{"start":{"line":80,"column":10},"end":{"line":99,"column":1}}]},"10":{"type":"branch","line":90,"loc":{"start":{"line":90,"column":13},"end":{"line":98,"column":5}},"locations":[{"start":{"line":90,"column":13},"end":{"line":98,"column":5}}]},"11":{"type":"branch","line":106,"loc":{"start":{"line":106,"column":23},"end":{"line":109,"column":1}},"locations":[{"start":{"line":106,"column":23},"end":{"line":109,"column":1}}]},"12":{"type":"branch","line":111,"loc":{"start":{"line":111,"column":20},"end":{"line":117,"column":1}},"locations":[{"start":{"line":111,"column":20},"end":{"line":117,"column":1}}]},"13":{"type":"branch","line":114,"loc":{"start":{"line":114,"column":46},"end":{"line":114,"column":70}},"locations":[{"start":{"line":114,"column":46},"end":{"line":114,"column":70}}]},"14":{"type":"branch","line":114,"loc":{"start":{"line":114,"column":56},"end":{"line":114,"column":91}},"locations":[{"start":{"line":114,"column":56},"end":{"line":114,"column":91}}]},"15":{"type":"branch","line":114,"loc":{"start":{"line":114,"column":102},"end":{"line":114,"column":114}},"locations":[{"start":{"line":114,"column":102},"end":{"line":114,"column":114}}]},"16":{"type":"branch","line":115,"loc":{"start":{"line":115,"column":48},"end":{"line":115,"column":78}},"locations":[{"start":{"line":115,"column":48},"end":{"line":115,"column":78}}]},"17":{"type":"branch","line":115,"loc":{"start":{"line":115,"column":64},"end":{"line":115,"column":101}},"locations":[{"start":{"line":115,"column":64},"end":{"line":115,"column":101}}]},"18":{"type":"branch","line":118,"loc":{"start":{"line":118,"column":25},"end":{"line":129,"column":1}},"locations":[{"start":{"line":118,"column":25},"end":{"line":129,"column":1}}]},"19":{"type":"branch","line":120,"loc":{"start":{"line":120,"column":14},"end":{"line":120,"column":20}},"locations":[{"start":{"line":120,"column":14},"end":{"line":120,"column":20}}]},"20":{"type":"branch","line":124,"loc":{"start":{"line":124,"column":19},"end":{"line":124,"column":36}},"locations":[{"start":{"line":124,"column":19},"end":{"line":124,"column":36}}]},"21":{"type":"branch","line":124,"loc":{"start":{"line":124,"column":36},"end":{"line":127,"column":141}},"locations":[{"start":{"line":124,"column":36},"end":{"line":127,"column":141}}]},"22":{"type":"branch","line":127,"loc":{"start":{"line":127,"column":135},"end":{"line":127,"column":149}},"locations":[{"start":{"line":127,"column":135},"end":{"line":127,"column":149}}]},"23":{"type":"branch","line":130,"loc":{"start":{"line":130,"column":23},"end":{"line":138,"column":1}},"locations":[{"start":{"line":130,"column":23},"end":{"line":138,"column":1}}]},"24":{"type":"branch","line":132,"loc":{"start":{"line":132,"column":16},"end":{"line":137,"column":16}},"locations":[{"start":{"line":132,"column":16},"end":{"line":137,"column":16}}]},"25":{"type":"branch","line":140,"loc":{"start":{"line":140,"column":19},"end":{"line":146,"column":1}},"locations":[{"start":{"line":140,"column":19},"end":{"line":146,"column":1}}]},"26":{"type":"branch","line":141,"loc":{"start":{"line":141,"column":26},"end":{"line":141,"column":32}},"locations":[{"start":{"line":141,"column":26},"end":{"line":141,"column":32}}]},"27":{"type":"branch","line":148,"loc":{"start":{"line":148,"column":19},"end":{"line":154,"column":1}},"locations":[{"start":{"line":148,"column":19},"end":{"line":154,"column":1}}]},"28":{"type":"branch","line":149,"loc":{"start":{"line":149,"column":26},"end":{"line":149,"column":32}},"locations":[{"start":{"line":149,"column":26},"end":{"line":149,"column":32}}]},"29":{"type":"branch","line":155,"loc":{"start":{"line":155,"column":20},"end":{"line":161,"column":1}},"locations":[{"start":{"line":155,"column":20},"end":{"line":161,"column":1}}]},"30":{"type":"branch","line":156,"loc":{"start":{"line":156,"column":26},"end":{"line":156,"column":32}},"locations":[{"start":{"line":156,"column":26},"end":{"line":156,"column":32}}]},"31":{"type":"branch","line":162,"loc":{"start":{"line":162,"column":23},"end":{"line":168,"column":1}},"locations":[{"start":{"line":162,"column":23},"end":{"line":168,"column":1}}]},"32":{"type":"branch","line":163,"loc":{"start":{"line":163,"column":26},"end":{"line":163,"column":32}},"locations":[{"start":{"line":163,"column":26},"end":{"line":163,"column":32}}]},"33":{"type":"branch","line":170,"loc":{"start":{"line":170,"column":25},"end":{"line":176,"column":1}},"locations":[{"start":{"line":170,"column":25},"end":{"line":176,"column":1}}]},"34":{"type":"branch","line":173,"loc":{"start":{"line":173,"column":8},"end":{"line":173,"column":24}},"locations":[{"start":{"line":173,"column":8},"end":{"line":173,"column":24}}]},"35":{"type":"branch","line":14,"loc":{"start":{"line":14,"column":98},"end":{"line":14,"column":133}},"locations":[{"start":{"line":14,"column":98},"end":{"line":14,"column":133}}]},"36":{"type":"branch","line":14,"loc":{"start":{"line":14,"column":107},"end":{"line":14,"column":133}},"locations":[{"start":{"line":14,"column":107},"end":{"line":14,"column":133}}]}},"b":{"0":[14],"1":[13],"2":[1],"3":[5],"4":[0],"5":[14],"6":[4],"7":[1],"8":[10],"9":[10],"10":[10],"11":[1],"12":[13],"13":[12],"14":[1],"15":[0],"16":[12],"17":[1],"18":[13],"19":[0],"20":[12],"21":[0],"22":[0],"23":[13],"24":[0],"25":[1],"26":[0],"27":[1],"28":[0],"29":[1],"30":[0],"31":[1],"32":[0],"33":[1],"34":[0],"35":[10],"36":[4]},"fnMap":{"0":{"name":"get","decl":{"start":{"line":64,"column":4},"end":{"line":66,"column":6}},"loc":{"start":{"line":64,"column":4},"end":{"line":66,"column":6}},"line":64},"1":{"name":"set","decl":{"start":{"line":67,"column":4},"end":{"line":69,"column":5}},"loc":{"start":{"line":67,"column":4},"end":{"line":69,"column":5}},"line":67},"2":{"name":"startAnimation","decl":{"start":{"line":106,"column":23},"end":{"line":109,"column":1}},"loc":{"start":{"line":106,"column":23},"end":{"line":109,"column":1}},"line":106},"3":{"name":"getDistance","decl":{"start":{"line":111,"column":20},"end":{"line":117,"column":1}},"loc":{"start":{"line":111,"column":20},"end":{"line":117,"column":1}},"line":111},"4":{"name":"controlAnimation","decl":{"start":{"line":118,"column":25},"end":{"line":129,"column":1}},"loc":{"start":{"line":118,"column":25},"end":{"line":129,"column":1}},"line":118},"5":{"name":"clearAnimation","decl":{"start":{"line":130,"column":23},"end":{"line":138,"column":1}},"loc":{"start":{"line":130,"column":23},"end":{"line":138,"column":1}},"line":130},"6":{"name":"mouseenter","decl":{"start":{"line":140,"column":19},"end":{"line":146,"column":1}},"loc":{"start":{"line":140,"column":19},"end":{"line":146,"column":1}},"line":140},"7":{"name":"mouseleave","decl":{"start":{"line":148,"column":19},"end":{"line":154,"column":1}},"loc":{"start":{"line":148,"column":19},"end":{"line":154,"column":1}},"line":148},"8":{"name":"handleClick","decl":{"start":{"line":155,"column":20},"end":{"line":161,"column":1}},"loc":{"start":{"line":155,"column":20},"end":{"line":161,"column":1}},"line":155},"9":{"name":"handleDblclick","decl":{"start":{"line":162,"column":23},"end":{"line":168,"column":1}},"loc":{"start":{"line":162,"column":23},"end":{"line":168,"column":1}},"line":162},"10":{"name":"changeForcedStop","decl":{"start":{"line":170,"column":25},"end":{"line":176,"column":1}},"loc":{"start":{"line":170,"column":25},"end":{"line":176,"column":1}},"line":170}},"f":{"0":14,"1":5,"2":1,"3":13,"4":13,"5":13,"6":1,"7":1,"8":1,"9":1,"10":1}}
}
